0 info it worked if it ends with ok
1 verbose cli [ 'C:\\Program Files\\nodejs\\\\node.exe',
1 verbose cli   'C:\\Program Files\\nodejs\\node_modules\\npm\\bin\\npm-cli.js',
1 verbose cli   'install',
1 verbose cli   'ui-router' ]
2 info using npm@2.11.2
3 info using node@v0.10.33
4 verbose install initial load of C:\Users\nathanielz\Desktop\test\package.json
5 warn package.json test@0.0.0 No license field.
6 verbose installManyTop reading scoped package data from C:\Users\nathanielz\Desktop\test\node_modules\grunt\package.json
7 verbose installManyTop reading scoped package data from C:\Users\nathanielz\Desktop\test\node_modules\grunt-autoprefixer\package.json
8 verbose installManyTop reading scoped package data from C:\Users\nathanielz\Desktop\test\node_modules\grunt-concurrent\package.json
9 verbose installManyTop reading scoped package data from C:\Users\nathanielz\Desktop\test\node_modules\grunt-contrib\package.json
10 verbose installManyTop reading scoped package data from C:\Users\nathanielz\Desktop\test\node_modules\grunt-contrib-clean\package.json
11 verbose installManyTop reading scoped package data from C:\Users\nathanielz\Desktop\test\node_modules\grunt-contrib-coffee\package.json
12 verbose installManyTop reading scoped package data from C:\Users\nathanielz\Desktop\test\node_modules\grunt-contrib-compass\package.json
13 verbose installManyTop reading scoped package data from C:\Users\nathanielz\Desktop\test\node_modules\grunt-contrib-compress\package.json
14 verbose installManyTop reading scoped package data from C:\Users\nathanielz\Desktop\test\node_modules\grunt-contrib-concat\package.json
15 verbose installManyTop reading scoped package data from C:\Users\nathanielz\Desktop\test\node_modules\grunt-contrib-connect\package.json
16 verbose installManyTop reading scoped package data from C:\Users\nathanielz\Desktop\test\node_modules\grunt-contrib-copy\package.json
17 verbose installManyTop reading scoped package data from C:\Users\nathanielz\Desktop\test\node_modules\grunt-contrib-csslint\package.json
18 verbose installManyTop reading scoped package data from C:\Users\nathanielz\Desktop\test\node_modules\grunt-contrib-cssmin\package.json
19 verbose installManyTop reading scoped package data from C:\Users\nathanielz\Desktop\test\node_modules\grunt-contrib-handlebars\package.json
20 verbose installManyTop reading scoped package data from C:\Users\nathanielz\Desktop\test\node_modules\grunt-contrib-htmlmin\package.json
21 verbose installManyTop reading scoped package data from C:\Users\nathanielz\Desktop\test\node_modules\grunt-contrib-imagemin\package.json
22 verbose installManyTop reading scoped package data from C:\Users\nathanielz\Desktop\test\node_modules\grunt-contrib-jade\package.json
23 verbose installManyTop reading scoped package data from C:\Users\nathanielz\Desktop\test\node_modules\grunt-contrib-jasmine\package.json
24 verbose installManyTop reading scoped package data from C:\Users\nathanielz\Desktop\test\node_modules\grunt-contrib-jshint\package.json
25 verbose installManyTop reading scoped package data from C:\Users\nathanielz\Desktop\test\node_modules\grunt-contrib-jst\package.json
26 verbose installManyTop reading scoped package data from C:\Users\nathanielz\Desktop\test\node_modules\grunt-contrib-less\package.json
27 verbose installManyTop reading scoped package data from C:\Users\nathanielz\Desktop\test\node_modules\grunt-contrib-nodeunit\package.json
28 verbose installManyTop reading scoped package data from C:\Users\nathanielz\Desktop\test\node_modules\grunt-contrib-qunit\package.json
29 verbose installManyTop reading scoped package data from C:\Users\nathanielz\Desktop\test\node_modules\grunt-contrib-requirejs\package.json
30 verbose installManyTop reading scoped package data from C:\Users\nathanielz\Desktop\test\node_modules\grunt-contrib-sass\package.json
31 verbose installManyTop reading scoped package data from C:\Users\nathanielz\Desktop\test\node_modules\grunt-contrib-stylus\package.json
32 verbose installManyTop reading scoped package data from C:\Users\nathanielz\Desktop\test\node_modules\grunt-contrib-symlink\package.json
33 verbose installManyTop reading scoped package data from C:\Users\nathanielz\Desktop\test\node_modules\grunt-contrib-uglify\package.json
34 verbose installManyTop reading scoped package data from C:\Users\nathanielz\Desktop\test\node_modules\grunt-contrib-watch\package.json
35 verbose installManyTop reading scoped package data from C:\Users\nathanielz\Desktop\test\node_modules\grunt-contrib-yuidoc\package.json
36 verbose installManyTop reading scoped package data from C:\Users\nathanielz\Desktop\test\node_modules\grunt-filerev\package.json
37 verbose installManyTop reading scoped package data from C:\Users\nathanielz\Desktop\test\node_modules\grunt-karma\package.json
38 verbose installManyTop reading scoped package data from C:\Users\nathanielz\Desktop\test\node_modules\grunt-newer\package.json
39 verbose installManyTop reading scoped package data from C:\Users\nathanielz\Desktop\test\node_modules\grunt-ng-annotate\package.json
40 verbose installManyTop reading scoped package data from C:\Users\nathanielz\Desktop\test\node_modules\grunt-svgmin\package.json
41 verbose installManyTop reading scoped package data from C:\Users\nathanielz\Desktop\test\node_modules\grunt-wiredep\package.json
42 verbose installManyTop reading scoped package data from C:\Users\nathanielz\Desktop\test\node_modules\jasmine-core\package.json
43 verbose installManyTop reading scoped package data from C:\Users\nathanielz\Desktop\test\node_modules\jshint-stylish\package.json
44 verbose installManyTop reading scoped package data from C:\Users\nathanielz\Desktop\test\node_modules\karma\package.json
45 verbose installManyTop reading scoped package data from C:\Users\nathanielz\Desktop\test\node_modules\karma-jasmine\package.json
46 verbose installManyTop reading scoped package data from C:\Users\nathanielz\Desktop\test\node_modules\karma-phantomjs-launcher\package.json
47 verbose installManyTop reading scoped package data from C:\Users\nathanielz\Desktop\test\node_modules\load-grunt-tasks\package.json
48 verbose installManyTop reading scoped package data from C:\Users\nathanielz\Desktop\test\node_modules\phantomjs\package.json
49 verbose installManyTop reading scoped package data from C:\Users\nathanielz\Desktop\test\node_modules\time-grunt\package.json
50 info package.json grunt@0.4.5 No license field.
51 info package.json grunt-contrib-clean@0.6.0 No license field.
52 info package.json grunt-contrib-concat@0.5.1 No license field.
53 info package.json grunt-contrib-connect@0.7.1 No license field.
54 info package.json grunt-contrib-copy@0.7.0 No license field.
55 info package.json grunt-contrib-cssmin@0.12.3 No license field.
56 info package.json grunt-contrib-imagemin@0.7.2 No license field.
57 info package.json grunt-contrib-jshint@0.10.0 No license field.
58 info package.json grunt-contrib-uglify@0.4.1 No license field.
59 info package.json grunt-contrib-watch@0.6.1 No license field.
60 info package.json grunt-filerev@2.3.1 license should be a valid SPDX license expression
61 info package.json grunt-contrib-htmlmin@0.2.0 No license field.
62 info package.json grunt-svgmin@2.0.1 No license field.
63 info package.json grunt-contrib-requirejs@0.4.4 No license field.
64 info package.json phantomjs@1.9.17 No license field.
65 info package.json grunt-wiredep@2.0.0 No license field.
66 info package.json grunt-contrib-symlink@0.3.0 No license field.
67 info package.json grunt-contrib-sass@0.7.4 No license field.
68 info package.json grunt-contrib-coffee@0.10.1 No license field.
69 info package.json grunt-contrib-yuidoc@0.5.2 No license field.
70 info package.json grunt-contrib-jst@0.6.0 No license field.
71 info package.json grunt-contrib-jade@0.11.0 No license field.
72 info package.json grunt-contrib-compress@0.8.0 No license field.
73 info package.json grunt-contrib-nodeunit@0.3.3 No license field.
74 info package.json grunt-contrib-stylus@0.15.1 No license field.
75 info package.json grunt-contrib-compass@0.7.2 No license field.
76 info package.json grunt-contrib-handlebars@0.8.0 No license field.
77 info package.json grunt-contrib-less@0.11.4 No license field.
78 info package.json grunt-contrib-qunit@0.4.0 No license field.
79 info package.json grunt-contrib-jasmine@0.6.5 No license field.
80 info package.json grunt-contrib-csslint@0.2.0 No license field.
81 info package.json grunt-contrib@0.11.0 No license field.
82 verbose readDependencies loading dependencies from C:\Users\nathanielz\Desktop\test\package.json
83 silly cache add args [ 'ui-router', null ]
84 verbose cache add spec ui-router
85 silly cache add parsed spec { raw: 'ui-router',
85 silly cache add   scope: null,
85 silly cache add   name: 'ui-router',
85 silly cache add   rawSpec: '',
85 silly cache add   spec: '*',
85 silly cache add   type: 'range' }
86 silly addNamed ui-router@*
87 verbose addNamed "*" is a valid semver range for ui-router
88 silly addNameRange { name: 'ui-router', range: '*', hasData: false }
89 silly mapToRegistry name ui-router
90 silly mapToRegistry using default registry
91 silly mapToRegistry registry https://registry.npmjs.org/
92 silly mapToRegistry uri https://registry.npmjs.org/ui-router
93 verbose addNameRange registry:https://registry.npmjs.org/ui-router not in flight; fetching
94 verbose request uri https://registry.npmjs.org/ui-router
95 verbose request no auth needed
96 info attempt registry request try #1 at 10:56:16
97 verbose request id d888fda093b446e5
98 verbose etag "8VC96BJRSNO3GPYWR2MQIE7ZU"
99 http request GET https://registry.npmjs.org/ui-router
100 http 304 https://registry.npmjs.org/ui-router
101 silly get cb [ 304,
101 silly get   { date: 'Fri, 12 Jun 2015 14:56:46 GMT',
101 silly get     via: '1.1 varnish',
101 silly get     'cache-control': 'max-age=60',
101 silly get     etag: '"8VC96BJRSNO3GPYWR2MQIE7ZU"',
101 silly get     age: '0',
101 silly get     connection: 'keep-alive',
101 silly get     'x-served-by': 'cache-ord1724-ORD',
101 silly get     'x-cache': 'MISS',
101 silly get     'x-cache-hits': '0',
101 silly get     'x-timer': 'S1434121006.119901,VS0,VE65',
101 silly get     vary: 'Accept' } ]
102 verbose etag https://registry.npmjs.org/ui-router from cache
103 verbose get saving ui-router to C:\Users\nathanielz\AppData\Roaming\npm-cache\registry.npmjs.org\ui-router\.cache.json
104 silly addNameRange number 2 { name: 'ui-router', range: '*', hasData: true }
105 silly addNameRange versions [ 'ui-router', [ '0.0.1' ] ]
106 silly addNamed ui-router@0.0.1
107 verbose addNamed "0.0.1" is a plain semver version for ui-router
108 silly cache afterAdd ui-router@0.0.1
109 verbose afterAdd C:\Users\nathanielz\AppData\Roaming\npm-cache\ui-router\0.0.1\package\package.json not in flight; writing
110 verbose afterAdd C:\Users\nathanielz\AppData\Roaming\npm-cache\ui-router\0.0.1\package\package.json written
111 silly install resolved [ { name: 'ui-router',
111 silly install resolved     title: 'Angular UI-Router',
111 silly install resolved     description: 'Angular UI-Router',
111 silly install resolved     version: '0.0.1',
111 silly install resolved     main: 'angular-ui-router.js',
111 silly install resolved     homepage: 'http://angular-ui.github.io/ui-router',
111 silly install resolved     repository: { type: 'git', url: 'http://angular-ui.github.io/ui-router' },
111 silly install resolved     keywords: [ 'angular', 'ui-router' ],
111 silly install resolved     dependencies: {},
111 silly install resolved     devDependencies: {},
111 silly install resolved     scripts: { build: 'npm install' },
111 silly install resolved     _id: 'ui-router@0.0.1',
111 silly install resolved     _from: 'ui-router@*',
111 silly install resolved     dist:
111 silly install resolved      { shasum: '02a8b705aa52fdb4b11bfb291d48173e1b8a162a',
111 silly install resolved        tarball: 'http://registry.npmjs.org/ui-router/-/ui-router-0.0.1.tgz' },
111 silly install resolved     _npmVersion: '1.2.18',
111 silly install resolved     _npmUser: { name: 'akalinovski', email: 'a.kalinovski@gmail.com' },
111 silly install resolved     maintainers: [ [Object] ],
111 silly install resolved     directories: {},
111 silly install resolved     _shasum: '02a8b705aa52fdb4b11bfb291d48173e1b8a162a',
111 silly install resolved     _resolved: 'https://registry.npmjs.org/ui-router/-/ui-router-0.0.1.tgz',
111 silly install resolved     readme: 'ERROR: No README data found!' } ]
112 info install ui-router@0.0.1 into C:\Users\nathanielz\Desktop\test
113 info installOne ui-router@0.0.1
114 verbose installOne of ui-router to C:\Users\nathanielz\Desktop\test not in flight; installing
115 verbose lock using C:\Users\nathanielz\AppData\Roaming\npm-cache\_locks\ui-router-d5c3feaacc98a96a.lock for C:\Users\nathanielz\Desktop\test\node_modules\ui-router
116 silly install write writing ui-router 0.0.1 to C:\Users\nathanielz\Desktop\test\node_modules\ui-router
117 verbose unbuild node_modules\ui-router
118 silly gentlyRm C:\Users\nathanielz\Desktop\test\node_modules\ui-router is being purged from base C:\Users\nathanielz\Desktop\test
119 verbose gentlyRm don't care about contents; nuking C:\Users\nathanielz\Desktop\test\node_modules\ui-router
120 verbose tar unpack C:\Users\nathanielz\AppData\Roaming\npm-cache\ui-router\0.0.1\package.tgz
121 verbose tar unpacking to C:\Users\nathanielz\Desktop\test\node_modules\ui-router
122 silly gentlyRm C:\Users\nathanielz\Desktop\test\node_modules\ui-router is being purged
123 verbose gentlyRm don't care about contents; nuking C:\Users\nathanielz\Desktop\test\node_modules\ui-router
124 silly gunzTarPerm modes [ '777', '666' ]
125 silly gunzTarPerm extractEntry package.json
126 silly gunzTarPerm extractEntry .npmignore
127 silly gunzTarPerm extractEntry README.md
128 silly gunzTarPerm extractEntry angular-ui-router.js
129 silly gunzTarPerm extractEntry bower.json
130 verbose write writing to C:\Users\nathanielz\Desktop\test\node_modules\ui-router\package.json
131 info preinstall ui-router@0.0.1
132 verbose readDependencies loading dependencies from C:\Users\nathanielz\Desktop\test\node_modules\ui-router\package.json
133 verbose readDependencies loading dependencies from C:\Users\nathanielz\Desktop\test\node_modules\ui-router\package.json
134 silly install resolved []
135 verbose about to build C:\Users\nathanielz\Desktop\test\node_modules\ui-router
136 info build C:\Users\nathanielz\Desktop\test\node_modules\ui-router
137 info linkStuff ui-router@0.0.1
138 silly linkStuff ui-router@0.0.1 has C:\Users\nathanielz\Desktop\test\node_modules as its parent node_modules
139 verbose linkBins ui-router@0.0.1
140 verbose linkMans ui-router@0.0.1
141 verbose rebuildBundles ui-router@0.0.1
142 info install ui-router@0.0.1
143 info postinstall ui-router@0.0.1
144 verbose unlock done using C:\Users\nathanielz\AppData\Roaming\npm-cache\_locks\ui-router-d5c3feaacc98a96a.lock for C:\Users\nathanielz\Desktop\test\node_modules\ui-router
145 verbose validateInstall loading C:\Users\nathanielz\Desktop\test\package.json for validation
146 verbose stack Error: The package grunt-contrib-clean does not satisfy its siblings' peerDependencies requirements!
146 verbose stack     at C:\Program Files\nodejs\node_modules\npm\lib\install.js:125:32
146 verbose stack     at C:\Program Files\nodejs\node_modules\npm\lib\install.js:267:7
146 verbose stack     at C:\Program Files\nodejs\node_modules\npm\node_modules\read-installed\read-installed.js:138:5
146 verbose stack     at C:\Program Files\nodejs\node_modules\npm\node_modules\read-installed\read-installed.js:251:14
146 verbose stack     at cb (C:\Program Files\nodejs\node_modules\npm\node_modules\slide\lib\async-map.js:47:24)
146 verbose stack     at C:\Program Files\nodejs\node_modules\npm\node_modules\read-installed\read-installed.js:251:14
146 verbose stack     at cb (C:\Program Files\nodejs\node_modules\npm\node_modules\slide\lib\async-map.js:47:24)
146 verbose stack     at C:\Program Files\nodejs\node_modules\npm\node_modules\read-installed\read-installed.js:251:14
146 verbose stack     at cb (C:\Program Files\nodejs\node_modules\npm\node_modules\slide\lib\async-map.js:47:24)
146 verbose stack     at C:\Program Files\nodejs\node_modules\npm\node_modules\read-installed\read-installed.js:251:14
147 verbose cwd C:\Users\nathanielz\Desktop\test
148 error Windows_NT 6.1.7601
149 error argv "C:\\Program Files\\nodejs\\\\node.exe" "C:\\Program Files\\nodejs\\node_modules\\npm\\bin\\npm-cli.js" "install" "ui-router"
150 error node v0.10.33
151 error npm  v2.11.2
152 error code EPEERINVALID
153 error peerinvalid The package grunt-contrib-clean does not satisfy its siblings' peerDependencies requirements!
153 error peerinvalid Peer grunt-contrib@0.11.0 wants grunt-contrib-clean@~0.5.0
154 verbose exit [ 1, true ]
